<?xml version="1.0" encoding="UTF-8"?>
<testsuites name="jest tests" tests="1300" failures="0" errors="0" time="568.11">
  <testsuite name="Contact Form Validation" errors="0" failures="0" skipped="0" timestamp="2023-03-02T19:45:32" time="61.849" tests="20">
    <testcase classname="Contact Form Validation First Name field is left blank" name="Contact Form Validation First Name field is left blank" time="1.252">
    </testcase>
    <testcase classname="Contact Form Validation First Name field is valid as long it is filled" name="Contact Form Validation First Name field is valid as long it is filled" time="0.467">
    </testcase>
    <testcase classname="Contact Form Validation Last Name field is left blank" name="Contact Form Validation Last Name field is left blank" time="0.617">
    </testcase>
    <testcase classname="Contact Form Validation Last Name field is valid as long it is filled" name="Contact Form Validation Last Name field is valid as long it is filled" time="0.461">
    </testcase>
    <testcase classname="Contact Form Validation Phone Number field is not valid" name="Contact Form Validation Phone Number field is not valid" time="0.574">
    </testcase>
    <testcase classname="Contact Form Validation Phone Number field is valid" name="Contact Form Validation Phone Number field is valid" time="0.404">
    </testcase>
    <testcase classname="Contact Form Validation Zip Code field is left blank" name="Contact Form Validation Zip Code field is left blank" time="0.321">
    </testcase>
    <testcase classname="Contact Form Validation Zip Code &quot;123A&quot; is not valid" name="Contact Form Validation Zip Code &quot;123A&quot; is not valid" time="0.48">
    </testcase>
    <testcase classname="Contact Form Validation Zip Code &quot;77494-1234&quot; is valid because it automatically parse &quot;77494&quot;" name="Contact Form Validation Zip Code &quot;77494-1234&quot; is valid because it automatically parse &quot;77494&quot;" time="0.528">
    </testcase>
    <testcase classname="Contact Form Validation Zip Code &quot;75080&quot; is valid" name="Contact Form Validation Zip Code &quot;75080&quot; is valid" time="0.43">
    </testcase>
    <testcase classname="Contact Form Validation Email field is left blank" name="Contact Form Validation Email field is left blank" time="0.392">
    </testcase>
    <testcase classname="Contact Form Validation Email field is not valid" name="Contact Form Validation Email field is not valid" time="0.939">
    </testcase>
    <testcase classname="Contact Form Validation Email field is valid" name="Contact Form Validation Email field is valid" time="0.868">
    </testcase>
    <testcase classname="Contact Form Validation Topic field is left blank" name="Contact Form Validation Topic field is left blank" time="0.498">
    </testcase>
    <testcase classname="Contact Form Validation Topic field has filled" name="Contact Form Validation Topic field has filled" time="0.36">
    </testcase>
    <testcase classname="Contact Form Validation Message field is left blank" name="Contact Form Validation Message field is left blank" time="0.43">
    </testcase>
    <testcase classname="Contact Form Validation Message is valid as long it is filled" name="Contact Form Validation Message is valid as long it is filled" time="0.353">
    </testcase>
    <testcase classname="Support Form - Submit Should expect error message when onError" name="Support Form - Submit Should expect error message when onError" time="1.686">
    </testcase>
    <testcase classname="Support Form - Submit Should expect success message when submission succeeds" name="Support Form - Submit Should expect success message when submission succeeds" time="2.021">
    </testcase>
    <testcase classname="Support Form - Submit Should expect error message when submission fails" name="Support Form - Submit Should expect error message when submission fails" time="2.375">
    </testcase>
  </testsuite>
  <testsuite name="Orders - Eclipse" errors="0" failures="0" skipped="0" timestamp="2023-03-02T19:45:32" time="62.083" tests="19">
    <testcase classname="Orders - Eclipse Should render table by default" name="Orders - Eclipse Should render table by default" time="1.776">
    </testcase>
    <testcase classname="Orders - Eclipse Should render table with empty data" name="Orders - Eclipse Should render table with empty data" time="0.751">
    </testcase>
    <testcase classname="Orders - Eclipse should show data in accending order" name="Orders - Eclipse should show data in accending order" time="1.383">
    </testcase>
    <testcase classname="Orders - Mincron Should render table by default" name="Orders - Mincron Should render table by default" time="0.549">
    </testcase>
    <testcase classname="Orders - Mincron Should render table with empty data" name="Orders - Mincron Should render table with empty data" time="0.406">
    </testcase>
    <testcase classname="Orders - Mincron should show data in accending order" name="Orders - Mincron should show data in accending order" time="0.556">
    </testcase>
    <testcase classname="Orders - Mincron should show order total in descending order" name="Orders - Mincron should show order total in descending order" time="0.449">
    </testcase>
    <testcase classname="Orders - Mincron should show order total in ascending order" name="Orders - Mincron should show order total in ascending order" time="0.826">
    </testcase>
    <testcase classname="Orders Components Search Expect 1 result when searching an order number" name="Orders Components Search Expect 1 result when searching an order number" time="0.752">
    </testcase>
    <testcase classname="Orders Components Search Expect 0 result when searching something that doesn&apos;t exists" name="Orders Components Search Expect 0 result when searching something that doesn&apos;t exists" time="0.517">
    </testcase>
    <testcase classname="Orders Components Search Expect content to be restored when resetting the Search" name="Orders Components Search Expect content to be restored when resetting the Search" time="0.691">
    </testcase>
    <testcase classname="Orders Components Search Testing filter issue in orders while changing date" name="Orders Components Search Testing filter issue in orders while changing date" time="0.54">
    </testcase>
    <testcase classname="Orders Components Search Should display same orders based on trimmed and untrimmed search terms" name="Orders Components Search Should display same orders based on trimmed and untrimmed search terms" time="1.106">
    </testcase>
    <testcase classname="Orders Components Misc Should render empty table under complete undefined conditions" name="Orders Components Misc Should render empty table under complete undefined conditions" time="0.199">
    </testcase>
    <testcase classname="Orders Components Misc Should render empty table with undefined Eclipse" name="Orders Components Misc Should render empty table with undefined Eclipse" time="0.195">
    </testcase>
    <testcase classname="Orders Components Long List Should render 10 rows in table by default on page 1" name="Orders Components Long List Should render 10 rows in table by default on page 1" time="0.568">
    </testcase>
    <testcase classname="Orders Components Long List Should render 1 row in table by default on page 2" name="Orders Components Long List Should render 1 row in table by default on page 2" time="0.461">
    </testcase>
    <testcase classname="Orders Components Long List Should set to page 1 when page param is invalid" name="Orders Components Long List Should set to page 1 when page param is invalid" time="1.192">
    </testcase>
    <testcase classname="Orders Components Long List Should have matching table and tablelayout rowcounts for page 1" name="Orders Components Long List Should have matching table and tablelayout rowcounts for page 1" time="1.506">
    </testcase>
  </testsuite>
  <testsuite name="CCPA Form - Validation" errors="0" failures="0" skipped="0" timestamp="2023-03-02T19:45:32" time="63.432" tests="20">
    <testcase classname="CCPA Form - Validation First Name field is left blank" name="CCPA Form - Validation First Name field is left blank" time="1.095">
    </testcase>
    <testcase classname="CCPA Form - Validation First Name field is valid as long it is filled" name="CCPA Form - Validation First Name field is valid as long it is filled" time="0.547">
    </testcase>
    <testcase classname="CCPA Form - Validation Last Name field is left blank" name="CCPA Form - Validation Last Name field is left blank" time="0.487">
    </testcase>
    <testcase classname="CCPA Form - Validation Last Name field is valid as long it is filled" name="CCPA Form - Validation Last Name field is valid as long it is filled" time="0.487">
    </testcase>
    <testcase classname="CCPA Form - Validation Phone Number field is not valid" name="CCPA Form - Validation Phone Number field is not valid" time="0.536">
    </testcase>
    <testcase classname="CCPA Form - Validation Phone Number field is valid" name="CCPA Form - Validation Phone Number field is valid" time="0.369">
    </testcase>
    <testcase classname="CCPA Form - Validation Zip Code field is left blank" name="CCPA Form - Validation Zip Code field is left blank" time="0.278">
    </testcase>
    <testcase classname="CCPA Form - Validation Zip Code &quot;123A&quot; is not valid" name="CCPA Form - Validation Zip Code &quot;123A&quot; is not valid" time="0.526">
    </testcase>
    <testcase classname="CCPA Form - Validation Zip Code &quot;77494-1234&quot; is valid because it automatically parse &quot;77494&quot;" name="CCPA Form - Validation Zip Code &quot;77494-1234&quot; is valid because it automatically parse &quot;77494&quot;" time="0.439">
    </testcase>
    <testcase classname="CCPA Form - Validation Zip Code &quot;75080&quot; is valid" name="CCPA Form - Validation Zip Code &quot;75080&quot; is valid" time="0.379">
    </testcase>
    <testcase classname="CCPA Form - Validation Email field is left blank" name="CCPA Form - Validation Email field is left blank" time="0.364">
    </testcase>
    <testcase classname="CCPA Form - Validation Email field is not valid" name="CCPA Form - Validation Email field is not valid" time="0.457">
    </testcase>
    <testcase classname="CCPA Form - Validation Email field is valid" name="CCPA Form - Validation Email field is valid" time="0.327">
    </testcase>
    <testcase classname="CCPA Form - Validation Topic field is left blank" name="CCPA Form - Validation Topic field is left blank" time="0.266">
    </testcase>
    <testcase classname="CCPA Form - Validation Topic field has filled" name="CCPA Form - Validation Topic field has filled" time="0.462">
    </testcase>
    <testcase classname="CCPA Form - Validation Message field is left blank" name="CCPA Form - Validation Message field is left blank" time="0.485">
    </testcase>
    <testcase classname="CCPA Form - Validation Message is valid as long it is filled" name="CCPA Form - Validation Message is valid as long it is filled" time="0.474">
    </testcase>
    <testcase classname="CCPA Form - Submit Should expect error message when onError" name="CCPA Form - Submit Should expect error message when onError" time="2.776">
    </testcase>
    <testcase classname="CCPA Form - Submit Should expect success message rendered when submission succeeds" name="CCPA Form - Submit Should expect success message rendered when submission succeeds" time="2.975">
    </testcase>
    <testcase classname="CCPA Form - Submit Should expect error message when submission fails" name="CCPA Form - Submit Should expect error message when submission fails" time="2.823">
    </testcase>
  </testsuite>
  <testsuite name="Lists tests" errors="0" failures="0" skipped="7" timestamp="2023-03-02T19:45:32" time="70.723" tests="18">
    <testcase classname="Lists tests Should show empty state" name="Lists tests Should show empty state" time="0.744">
    </testcase>
    <testcase classname="Lists tests Should handle if the queryParams does not match a list" name="Lists tests Should handle if the queryParams does not match a list" time="1.728">
    </testcase>
    <testcase classname="Lists tests Clicking delete list should bring up list dialog and clicking close button should close it" name="Lists tests Clicking delete list should bring up list dialog and clicking close button should close it" time="2.242">
    </testcase>
    <testcase classname="Lists tests Clicking delete list should bring up list dialog and clicking cancel button should close it" name="Lists tests Clicking delete list should bring up list dialog and clicking cancel button should close it" time="1.747">
    </testcase>
    <testcase classname="Lists tests Clicking delete list should bring up list dialog and clicking yes should delete it" name="Lists tests Clicking delete list should bring up list dialog and clicking yes should delete it" time="3.231">
    </testcase>
    <testcase classname="Lists tests Should call the CartProvider with the correct listId when add to cart is pressed" name="Lists tests Should call the CartProvider with the correct listId when add to cart is pressed" time="2.4">
    </testcase>
    <testcase classname="Lists tests Should display product id" name="Lists tests Should display product id" time="1.866">
    </testcase>
    <testcase classname="Lists tests should fire the setBranchSelectOpen when findAtOtherBranches is clicked" name="Lists tests should fire the setBranchSelectOpen when findAtOtherBranches is clicked" time="0.873">
    </testcase>
    <testcase classname="Lists tests Should display check nearby branches button" name="Lists tests Should display check nearby branches button" time="1.699">
    </testcase>
    <testcase classname="Lists tests Should display the current branch details" name="Lists tests Should display the current branch details" time="0">
      <skipped/>
    </testcase>
    <testcase classname="Lists tests Should call the addItemToCart when add to cart is clicked" name="Lists tests Should call the addItemToCart when add to cart is clicked" time="0.794">
    </testcase>
    <testcase classname="Lists tests Should display product Image" name="Lists tests Should display product Image" time="1.237">
    </testcase>
    <testcase classname="Lists tests cancel and close buttons should close the drawer on click" name="Lists tests cancel and close buttons should close the drawer on click" time="0">
      <skipped/>
    </testcase>
    <testcase classname="Lists tests change button should change list and close drawer on click" name="Lists tests change button should change list and close drawer on click" time="0">
      <skipped/>
    </testcase>
    <testcase classname="Lists tests add button should add to list and close drawer on click" name="Lists tests add button should add to list and close drawer on click" time="0">
      <skipped/>
    </testcase>
    <testcase classname="Lists tests add item textbox enter should create new list, add item to it and close drawer on click" name="Lists tests add item textbox enter should create new list, add item to it and close drawer on click" time="0">
      <skipped/>
    </testcase>
    <testcase classname="Lists tests create list button should create list and close drawer on click" name="Lists tests create list button should create list and close drawer on click" time="0">
      <skipped/>
    </testcase>
    <testcase classname="Lists tests upload list button should upload list and close drawer on click" name="Lists tests upload list button should upload list and close drawer on click" time="0">
      <skipped/>
    </testcase>
  </testsuite>
  <testsuite name="User management tests" errors="0" failures="0" skipped="0" timestamp="2023-03-02T19:46:36" time="13.56" tests="13">
    <testcase classname="User management tests User Management render matches the snapshot" name="User management tests User Management render matches the snapshot" time="0.423">
    </testcase>
    <testcase classname="User management tests &quot;User Management - Waiting for Approval&quot; data is displayed correctly" name="User management tests &quot;User Management - Waiting for Approval&quot; data is displayed correctly" time="0.392">
    </testcase>
    <testcase classname="User management tests &quot;User Management - Approved&quot; data is displayed correctly" name="User management tests &quot;User Management - Approved&quot; data is displayed correctly" time="0.568">
    </testcase>
    <testcase classname="User management tests &quot;User Management - Rejected&quot; data is displayed correctly" name="User management tests &quot;User Management - Rejected&quot; data is displayed correctly" time="0.448">
    </testcase>
    <testcase classname="User management tests Sort first name in ascending order on the &quot;Rejected&quot; table" name="User management tests Sort first name in ascending order on the &quot;Rejected&quot; table" time="0.517">
    </testcase>
    <testcase classname="User management tests Sort first name in descending order on the &quot;Rejected&quot; table" name="User management tests Sort first name in descending order on the &quot;Rejected&quot; table" time="0.571">
    </testcase>
    <testcase classname="User management tests Sort last name in ascending order on the &quot;Rejected&quot; table" name="User management tests Sort last name in ascending order on the &quot;Rejected&quot; table" time="0.465">
    </testcase>
    <testcase classname="User management tests Sort last name in descending order on the &quot;Rejected&quot; table" name="User management tests Sort last name in descending order on the &quot;Rejected&quot; table" time="0.519">
    </testcase>
    <testcase classname="User management tests show the Approved table sorted by Role in ascending order" name="User management tests show the Approved table sorted by Role in ascending order" time="0.352">
    </testcase>
    <testcase classname="User management tests show the Approved table sorted by Role in descending order" name="User management tests show the Approved table sorted by Role in descending order" time="0.409">
    </testcase>
    <testcase classname="User management tests User Management render when account not found error in response for employee" name="User management tests User Management render when account not found error in response for employee" time="0.03">
    </testcase>
    <testcase classname="User management tests User Management render when other error in response for employee" name="User management tests User Management render when other error in response for employee" time="0.028">
    </testcase>
    <testcase classname="User management tests User Management render when found an error in response for non employee" name="User management tests User Management render when found an error in response for non employee" time="0.094">
    </testcase>
  </testsuite>
  <testsuite name="Cart" errors="0" failures="0" skipped="0" timestamp="2023-03-02T19:46:35" time="24.424" tests="17">
    <testcase classname="Cart Cart should show as loading" name="Cart Cart should show as loading" time="0.089">
    </testcase>
    <testcase classname="Cart Cart should show as loading with valid cart" name="Cart Cart should show as loading with valid cart" time="1.243">
    </testcase>
    <testcase classname="Cart Should match snapshot with valid cart on desktop" name="Cart Should match snapshot with valid cart on desktop" time="0.673">
    </testcase>
    <testcase classname="Cart Should match snapshot with valid cart on mobile" name="Cart Should match snapshot with valid cart on mobile" time="0.753">
    </testcase>
    <testcase classname="Cart Should match snapshot with valid cart and contract on desktop" name="Cart Should match snapshot with valid cart and contract on desktop" time="1.792">
    </testcase>
    <testcase classname="Cart Should match snapshot with valid cart and contract on desktop but no contract description" name="Cart Should match snapshot with valid cart and contract on desktop but no contract description" time="0.597">
    </testcase>
    <testcase classname="Cart Should match snapshot with valid cart and contract on mobile" name="Cart Should match snapshot with valid cart and contract on mobile" time="0.55">
    </testcase>
    <testcase classname="Cart Should match snapshot with valid cart and contract but jobName and contractNumber are null" name="Cart Should match snapshot with valid cart and contract but jobName and contractNumber are null" time="0.553">
    </testcase>
    <testcase classname="Cart Click &quot;Proceed to Checkout&quot; button in order summary" name="Cart Click &quot;Proceed to Checkout&quot; button in order summary" time="1.575">
    </testcase>
    <testcase classname="Cart Click &quot;Proceed to Checkout&quot; button with contract" name="Cart Click &quot;Proceed to Checkout&quot; button with contract" time="0.727">
    </testcase>
    <testcase classname="Cart Expect dialog when account is on hold" name="Cart Expect dialog when account is on hold" time="1.414">
    </testcase>
    <testcase classname="Cart Expect dialog when items were removed" name="Cart Expect dialog when items were removed" time="1.023">
    </testcase>
    <testcase classname="Cart Cleared cart for eclipse should show loader" name="Cart Cleared cart for eclipse should show loader" time="0.065">
    </testcase>
    <testcase classname="Cart Warning Should be visible with Subtotal above 10 Million and on mincron account" name="Cart Warning Should be visible with Subtotal above 10 Million and on mincron account" time="1.252">
    </testcase>
    <testcase classname="Cart Warning Should not be visible with Subtotal below 10 Million and on mincron account" name="Cart Warning Should not be visible with Subtotal below 10 Million and on mincron account" time="0.564">
    </testcase>
    <testcase classname="Cart Expect &quot;remove all from cart&quot; to be hidden on a blank Mincron cart" name="Cart Expect &quot;remove all from cart&quot; to be hidden on a blank Mincron cart" time="0.031">
    </testcase>
    <testcase classname="Cart should test &quot;remove all from cart&quot;" name="Cart should test &quot;remove all from cart&quot;" time="0.62">
    </testcase>
  </testsuite>
  <testsuite name="Checkout - Confirmation" errors="0" failures="0" skipped="0" timestamp="2023-03-02T19:46:50" time="11.042" tests="14">
    <testcase classname="Checkout - Confirmation should match snapshot on desktop" name="Checkout - Confirmation should match snapshot on desktop" time="0.209">
    </testcase>
    <testcase classname="Checkout - Confirmation should match snapshot on mobile" name="Checkout - Confirmation should match snapshot on mobile" time="0.11">
    </testcase>
    <testcase classname="Checkout - Confirmation should match snapshot on desktop with orderData" name="Checkout - Confirmation should match snapshot on desktop with orderData" time="0.082">
    </testcase>
    <testcase classname="Checkout - Confirmation should match snapshot on desktop with orderData, contract, and cart" name="Checkout - Confirmation should match snapshot on desktop with orderData, contract, and cart" time="0.535">
    </testcase>
    <testcase classname="Checkout - Confirmation should match snapshot on desktop with orderData and contract" name="Checkout - Confirmation should match snapshot on desktop with orderData and contract" time="0.083">
    </testcase>
    <testcase classname="Checkout - Confirmation should match snapshot on desktop with orderData and contract but some parameters are invalid" name="Checkout - Confirmation should match snapshot on desktop with orderData and contract but some parameters are invalid" time="0.079">
    </testcase>
    <testcase classname="Checkout - Confirmation should match snapshot on desktop with orderData, contract, and deliveryMethodObject" name="Checkout - Confirmation should match snapshot on desktop with orderData, contract, and deliveryMethodObject" time="0.078">
    </testcase>
    <testcase classname="Checkout - Confirmation should match snapshot on desktop with orderData, contract, and deliveryMethodObject (not asap)" name="Checkout - Confirmation should match snapshot on desktop with orderData, contract, and deliveryMethodObject (not asap)" time="0.092">
    </testcase>
    <testcase classname="Checkout - Confirmation expect to call history.push when &quot;checkout-top-button&quot; is clicked" name="Checkout - Confirmation expect to call history.push when &quot;checkout-top-button&quot; is clicked" time="0.072">
    </testcase>
    <testcase classname="Checkout - Confirmation expect to call history.push when &quot;additional-cta-button&quot; is clicked" name="Checkout - Confirmation expect to call history.push when &quot;additional-cta-button&quot; is clicked" time="0.084">
    </testcase>
    <testcase classname="Checkout - Confirmation should not show the back ordered warning in desktop" name="Checkout - Confirmation should not show the back ordered warning in desktop" time="0.115">
    </testcase>
    <testcase classname="Checkout - Confirmation should show the back ordered warning in desktop" name="Checkout - Confirmation should show the back ordered warning in desktop" time="0.132">
    </testcase>
    <testcase classname="Checkout - Confirmation should not show the back ordered warning in mobile" name="Checkout - Confirmation should not show the back ordered warning in mobile" time="0.226">
    </testcase>
    <testcase classname="Checkout - Confirmation should show the back ordered warning in mobile" name="Checkout - Confirmation should show the back ordered warning in mobile" time="0.15">
    </testcase>
  </testsuite>
  <testsuite name="JobForm" errors="0" failures="0" skipped="0" timestamp="2023-03-02T19:46:35" time="36.464" tests="16">
    <testcase classname="JobForm Should render page" name="JobForm Should render page" time="0.232">
    </testcase>
    <testcase classname="JobForm Should render JobFormLink" name="JobForm Should render JobFormLink" time="0.055">
    </testcase>
    <testcase classname="JobForm Should render JobFormCard" name="JobForm Should render JobFormCard" time="1.053">
    </testcase>
    <testcase classname="JobForm - JobFormCard - Step 1 Should render Step 1" name="JobForm - JobFormCard - Step 1 Should render Step 1" time="0.504">
    </testcase>
    <testcase classname="JobForm - JobFormCard - Step 1 (Employee) Should render employee inputs" name="JobForm - JobFormCard - Step 1 (Employee) Should render employee inputs" time="0.479">
    </testcase>
    <testcase classname="JobForm - JobFormCard - Step 1 (Customer) Should render customer inputs" name="JobForm - JobFormCard - Step 1 (Customer) Should render customer inputs" time="1.323">
    </testcase>
    <testcase classname="JobForm - JobFormCard - Step 1 Should not allow progress if fields are empty" name="JobForm - JobFormCard - Step 1 Should not allow progress if fields are empty" time="0.926">
    </testcase>
    <testcase classname="JobForm - JobFormCard - Step 1 Should allow customer lookup - error" name="JobForm - JobFormCard - Step 1 Should allow customer lookup - error" time="0.471">
    </testcase>
    <testcase classname="JobForm - JobFormCard - Step 1 Should render project file input when tax exempt" name="JobForm - JobFormCard - Step 1 Should render project file input when tax exempt" time="1.127">
    </testcase>
    <testcase classname="JobForm - JobFormCard - Step 1 Should allow progress when required fields are filled" name="JobForm - JobFormCard - Step 1 Should allow progress when required fields are filled" time="2.895">
    </testcase>
    <testcase classname="JobForm - JobFormCard - Step 2 Should not allow progress if fields are empty" name="JobForm - JobFormCard - Step 2 Should not allow progress if fields are empty" time="1.731">
    </testcase>
    <testcase classname="JobForm - JobFormCard - Step 2 Should allow the user to go back" name="JobForm - JobFormCard - Step 2 Should allow the user to go back" time="2.427">
    </testcase>
    <testcase classname="JobForm - JobFormCard - Step 2 Should allow progress if required fields are filled" name="JobForm - JobFormCard - Step 2 Should allow progress if required fields are filled" time="3.295">
    </testcase>
    <testcase classname="JobForm - JobFormCard - Step 3 Should not allow submission if fields are empty" name="JobForm - JobFormCard - Step 3 Should not allow submission if fields are empty" time="2.369">
    </testcase>
    <testcase classname="JobForm - JobFormCard - Step 3 Should allow the user to go back" name="JobForm - JobFormCard - Step 3 Should allow the user to go back" time="3.06">
    </testcase>
    <testcase classname="JobForm - JobFormCard - Step 3 Should allow submission if fields are filled" name="JobForm - JobFormCard - Step 3 Should allow submission if fields are filled" time="3.51">
    </testcase>
  </testsuite>
  <testsuite name="Invoices List" errors="0" failures="0" skipped="0" timestamp="2023-03-02T19:46:43" time="30.353" tests="12">
    <testcase classname="Invoices List Should show loading and load correctly on desktop in Eclipse" name="Invoices List Should show loading and load correctly on desktop in Eclipse" time="3.542">
    </testcase>
    <testcase classname="Invoices List Should show loading and load correctly on mobile in Eclipse" name="Invoices List Should show loading and load correctly on mobile in Eclipse" time="4.691">
    </testcase>
    <testcase classname="Invoices List Should render on desktop in Mincron" name="Invoices List Should render on desktop in Mincron" time="0.579">
    </testcase>
    <testcase classname="Invoices List Should render on mobile in Mincron" name="Invoices List Should render on mobile in Mincron" time="2.584">
    </testcase>
    <testcase classname="Invoices List Should filter based on open status in Mincron" name="Invoices List Should filter based on open status in Mincron" time="0.905">
    </testcase>
    <testcase classname="Invoices List Should filter based on closed status in Mincron" name="Invoices List Should filter based on closed status in Mincron" time="2.17">
    </testcase>
    <testcase classname="Invoices List Search filter should filter invoices based on Job Name" name="Invoices List Search filter should filter invoices based on Job Name" time="1.192">
    </testcase>
    <testcase classname="Invoices List Date filter should filter invoices based on date range on Eclipse" name="Invoices List Date filter should filter invoices based on date range on Eclipse" time="1.046">
    </testcase>
    <testcase classname="Invoices List Date filter should filter invoices based on date range on Mincron" name="Invoices List Date filter should filter invoices based on date range on Mincron" time="1.873">
    </testcase>
    <testcase classname="Invoices List Search input should show eclipse specific placeholder" name="Invoices List Search input should show eclipse specific placeholder" time="0.592">
    </testcase>
    <testcase classname="Invoices List Search input should show mincron specific placeholder" name="Invoices List Search input should show mincron specific placeholder" time="1.167">
    </testcase>
    <testcase classname="Invoices List Should show nothing when shipTo and erpSystemName are undefined" name="Invoices List Should show nothing when shipTo and erpSystemName are undefined" time="1.611">
    </testcase>
  </testsuite>
  <testsuite name="Contract Details - Product List" errors="0" failures="0" skipped="0" timestamp="2023-03-02T19:46:59" time="17.295" tests="10">
    <testcase classname="Contract Details - Product List Snapshot match" name="Contract Details - Product List Snapshot match" time="0.89">
    </testcase>
    <testcase classname="Contract Details - Product List Snapshot match for empty list" name="Contract Details - Product List Snapshot match for empty list" time="0.093">
    </testcase>
    <testcase classname="Contract Details - Product List Search input and buttons test" name="Contract Details - Product List Search input and buttons test" time="0.982">
    </testcase>
    <testcase classname="Contract Details - Product List Search &quot;a&quot; test" name="Contract Details - Product List Search &quot;a&quot; test" time="1.112">
    </testcase>
    <testcase classname="Contract Details - Product List Search &quot;6&quot; as sequence number test" name="Contract Details - Product List Search &quot;6&quot; as sequence number test" time="0.93">
    </testcase>
    <testcase classname="Contract Details - Product List Search &quot;404&quot; as no result test" name="Contract Details - Product List Search &quot;404&quot; as no result test" time="0.878">
    </testcase>
    <testcase classname="Contract Details - Product List Search with excessive amount of spaces test" name="Contract Details - Product List Search with excessive amount of spaces test" time="1.845">
    </testcase>
    <testcase classname="Contract Details - Product List Line item qty input and clear qty button test" name="Contract Details - Product List Line item qty input and clear qty button test" time="0.56">
    </testcase>
    <testcase classname="Contract Details - Product List Line item qty input and release all button test" name="Contract Details - Product List Line item qty input and release all button test" time="0.518">
    </testcase>
    <testcase classname="Contract Details - Product List Line item qty input and release all button test when it is over 10Mil" name="Contract Details - Product List Line item qty input and release all button test when it is over 10Mil" time="0.525">
    </testcase>
  </testsuite>
  <testsuite name="Checkout" errors="0" failures="0" skipped="0" timestamp="2023-03-02T19:47:01" time="16.948" tests="20">
    <testcase classname="Checkout Expect to Redirect as mocked component when there is no cart data" name="Checkout Expect to Redirect as mocked component when there is no cart data" time="0.083">
    </testcase>
    <testcase classname="Checkout Expect to Redirect as mocked component when account is on creditHold at step 0" name="Checkout Expect to Redirect as mocked component when account is on creditHold at step 0" time="0.037">
    </testcase>
    <testcase classname="Checkout Expect Loader to be rendered with cart data and checking out with quote" name="Checkout Expect Loader to be rendered with cart data and checking out with quote" time="0.039">
    </testcase>
    <testcase classname="Checkout Expect Loader to be rendered with no cart data and tempCartItems but with orderedCart" name="Checkout Expect Loader to be rendered with no cart data and tempCartItems but with orderedCart" time="0.027">
    </testcase>
    <testcase classname="Checkout Should match snapshot with basic cart on desktop" name="Checkout Should match snapshot with basic cart on desktop" time="0.717">
    </testcase>
    <testcase classname="Checkout Should match snapshot with basic cart on mobile" name="Checkout Should match snapshot with basic cart on mobile" time="0.403">
    </testcase>
    <testcase classname="Checkout Should match snapshot when cart is loading" name="Checkout Should match snapshot when cart is loading" time="0.225">
    </testcase>
    <testcase classname="Checkout Should match snapshot with cart and contract on desktop" name="Checkout Should match snapshot with cart and contract on desktop" time="0.247">
    </testcase>
    <testcase classname="Checkout Should match snapshot with cart and contract on mobile" name="Checkout Should match snapshot with cart and contract on mobile" time="0.285">
    </testcase>
    <testcase classname="Checkout Should match snapshot with cart and orderedContract on desktop" name="Checkout Should match snapshot with cart and orderedContract on desktop" time="0.197">
    </testcase>
    <testcase classname="Checkout Should match snapshot with cart and orderedContract on mobile" name="Checkout Should match snapshot with cart and orderedContract on mobile" time="0.24">
    </testcase>
    <testcase classname="Checkout Should match snapshot with cart and orderedContract, but contract has missing info" name="Checkout Should match snapshot with cart and orderedContract, but contract has missing info" time="0.191">
    </testcase>
    <testcase classname="Checkout Should match snapshot on the PAYMENT step" name="Checkout Should match snapshot on the PAYMENT step" time="0.178">
    </testcase>
    <testcase classname="Checkout Should match snapshot on the REVIEW step" name="Checkout Should match snapshot on the REVIEW step" time="0.612">
    </testcase>
    <testcase classname="Checkout Should match snapshot on the CONFIRMATION step" name="Checkout Should match snapshot on the CONFIRMATION step" time="0.24">
    </testcase>
    <testcase classname="Checkout Should match snapshot on the PAYMENT step with contract" name="Checkout Should match snapshot on the PAYMENT step with contract" time="0.117">
    </testcase>
    <testcase classname="Checkout Should match snapshot on the REVIEW step with contract" name="Checkout Should match snapshot on the REVIEW step with contract" time="3.751">
    </testcase>
    <testcase classname="Checkout Should match snapshot on the CONFIRMATION step with contract" name="Checkout Should match snapshot on the CONFIRMATION step with contract" time="0.119">
    </testcase>
    <testcase classname="Checkout Should match snapshot with with shipping branch" name="Checkout Should match snapshot with with shipping branch" time="0.251">
    </testcase>
    <testcase classname="Checkout Should match snapshot on the PAYMENT step for mincron" name="Checkout Should match snapshot on the PAYMENT step for mincron" time="0.107">
    </testcase>
  </testsuite>
  <testsuite name="OrderSummary tests" errors="0" failures="0" skipped="0" timestamp="2023-03-02T19:47:14" time="7.982" tests="16">
    <testcase classname="OrderSummary tests should not show the Component when there is no cart" name="OrderSummary tests should not show the Component when there is no cart" time="0.06">
    </testcase>
    <testcase classname="OrderSummary tests should show the Skeleton when loading" name="OrderSummary tests should show the Skeleton when loading" time="0.068">
    </testcase>
    <testcase classname="OrderSummary tests should match snapshot when loading" name="OrderSummary tests should match snapshot when loading" time="0.082">
    </testcase>
    <testcase classname="OrderSummary tests should match snapshot when loading with additionalCTAText" name="OrderSummary tests should match snapshot when loading with additionalCTAText" time="0.144">
    </testcase>
    <testcase classname="OrderSummary tests should show the Component when there is a cart and not loading" name="OrderSummary tests should show the Component when there is a cart and not loading" time="0.238">
    </testcase>
    <testcase classname="OrderSummary tests should match snapshot with approve data" name="OrderSummary tests should match snapshot with approve data" time="0.22">
    </testcase>
    <testcase classname="OrderSummary tests should match snapshot with approve data on mobile" name="OrderSummary tests should match snapshot with approve data on mobile" time="0.196">
    </testcase>
    <testcase classname="OrderSummary tests should match snapshot with approve data and tax" name="OrderSummary tests should match snapshot with approve data and tax" time="0.056">
    </testcase>
    <testcase classname="OrderSummary tests should match snapshot with only tax" name="OrderSummary tests should match snapshot with only tax" time="0.048">
    </testcase>
    <testcase classname="OrderSummary tests should match &quot;free&quot; as &quot;confirmation&quot; page with no products" name="OrderSummary tests should match &quot;free&quot; as &quot;confirmation&quot; page with no products" time="0.023">
    </testcase>
    <testcase classname="OrderSummary tests should match &quot;—&quot; with no products" name="OrderSummary tests should match &quot;—&quot; with no products" time="0.027">
    </testcase>
    <testcase classname="OrderSummary tests should match snapshot as employee" name="OrderSummary tests should match snapshot as employee" time="0.042">
    </testcase>
    <testcase classname="OrderSummary tests should expect cta button is called when clicking" name="OrderSummary tests should expect cta button is called when clicking" time="0.033">
    </testcase>
    <testcase classname="OrderSummary tests should disable approve button when approve loading is true" name="OrderSummary tests should disable approve button when approve loading is true" time="0.032">
    </testcase>
    <testcase classname="OrderSummary tests Should match snapshot for shipTo account hold" name="OrderSummary tests Should match snapshot for shipTo account hold" time="0.034">
    </testcase>
    <testcase classname="OrderSummary tests should match snapshot when cart subtotal is over 10M on Waterworks" name="OrderSummary tests should match snapshot when cart subtotal is over 10M on Waterworks" time="0.028">
    </testcase>
  </testsuite>
  <testsuite name="SelectAccounts - SelectAccountsForm" errors="0" failures="0" skipped="0" timestamp="2023-03-02T19:47:11" time="10.967" tests="13">
    <testcase classname="SelectAccounts - SelectAccountsForm Should render form" name="SelectAccounts - SelectAccountsForm Should render form" time="0.284">
    </testcase>
    <testcase classname="SelectAccounts - SelectAccountsForm Expect refreshed components to be rendered after clicking refresh ship-to" name="SelectAccounts - SelectAccountsForm Expect refreshed components to be rendered after clicking refresh ship-to" time="0.213">
    </testcase>
    <testcase classname="SelectAccounts - SelectAccountsForm Expect no change of ship-to accounts upon reload" name="SelectAccounts - SelectAccountsForm Expect no change of ship-to accounts upon reload" time="0.303">
    </testcase>
    <testcase classname="SelectAccounts - SelectAccountsForm Expect make default check to be triggered and checked" name="SelectAccounts - SelectAccountsForm Expect make default check to be triggered and checked" time="0.112">
    </testcase>
    <testcase classname="SelectAccounts - SelectAccountsForm Expect to render default selected accounts" name="SelectAccounts - SelectAccountsForm Expect to render default selected accounts" time="0.161">
    </testcase>
    <testcase classname="SelectAccounts - SelectAccountsForm Expect to render default selected accounts with no ship-tos" name="SelectAccounts - SelectAccountsForm Expect to render default selected accounts with no ship-tos" time="0.152">
    </testcase>
    <testcase classname="SelectAccounts - SelectAccountsForm Expect to render blanks when ship-to names are null" name="SelectAccounts - SelectAccountsForm Expect to render blanks when ship-to names are null" time="0.137">
    </testcase>
    <testcase classname="SelectAccounts - SelectAccountsForm Expect to render new value when changing the ship-to and bill-to accounts" name="SelectAccounts - SelectAccountsForm Expect to render new value when changing the ship-to and bill-to accounts" time="0.14">
    </testcase>
    <testcase classname="SelectAccounts - SelectAccountsForm Expect the bill-to input to update value onChange" name="SelectAccounts - SelectAccountsForm Expect the bill-to input to update value onChange" time="0.848">
    </testcase>
    <testcase classname="SelectAccounts - SelectAccountsForm Expect the ship-to input to update value onChange" name="SelectAccounts - SelectAccountsForm Expect the ship-to input to update value onChange" time="0.77">
    </testcase>
    <testcase classname="SelectAccounts - SelectAccountsForm Expect clicking on the submit button to call getUserCart when cart is valid" name="SelectAccounts - SelectAccountsForm Expect clicking on the submit button to call getUserCart when cart is valid" time="0.161">
    </testcase>
    <testcase classname="SelectAccounts - SelectAccountsForm Expect clicking on the submit button to throw error" name="SelectAccounts - SelectAccountsForm Expect clicking on the submit button to throw error" time="0.164">
    </testcase>
    <testcase classname="SelectAccounts - SelectAccountsForm Expect submit to call setDefaultAccountId when default is checked" name="SelectAccounts - SelectAccountsForm Expect submit to call setDefaultAccountId when default is checked" time="0.162">
    </testcase>
  </testsuite>
  <testsuite name="common - Header - util - navData" errors="0" failures="0" skipped="0" timestamp="2023-03-02T19:47:19" time="12.421" tests="27">
    <testcase classname="common - Header - util - navData expect maX contracts condition to be false" name="common - Header - util - navData expect maX contracts condition to be false" time="0.002">
    </testcase>
    <testcase classname="common - Header - util - navData expect maX contracts condition to be true" name="common - Header - util - navData expect maX contracts condition to be true" time="0.002">
    </testcase>
    <testcase classname="common - Header - util - navData expect maX orders condition to be true" name="common - Header - util - navData expect maX orders condition to be true" time="0.001">
    </testcase>
    <testcase classname="common - Header - util - navData expect maX PPP condition to be false" name="common - Header - util - navData expect maX PPP condition to be false" time="0.001">
    </testcase>
    <testcase classname="common - Header - util - navData expect maX PPP condition to be true" name="common - Header - util - navData expect maX PPP condition to be true" time="0.001">
    </testcase>
    <testcase classname="common - Header - util - navData expect maX Invoices condition to be false" name="common - Header - util - navData expect maX Invoices condition to be false" time="0">
    </testcase>
    <testcase classname="common - Header - util - navData expect maX Invoices condition to be true" name="common - Header - util - navData expect maX Invoices condition to be true" time="0">
    </testcase>
    <testcase classname="common - Header - util - navData expect maX Purchase Approvals condition to be false" name="common - Header - util - navData expect maX Purchase Approvals condition to be false" time="0.001">
    </testcase>
    <testcase classname="common - Header - util - navData expect maX Purchase Approvals condition to be true" name="common - Header - util - navData expect maX Purchase Approvals condition to be true" time="0">
    </testcase>
    <testcase classname="common - Header - util - navData expect maX Quotes condition to be false" name="common - Header - util - navData expect maX Quotes condition to be false" time="0.002">
    </testcase>
    <testcase classname="common - Header - util - navData expect maX Quotes condition to be true" name="common - Header - util - navData expect maX Quotes condition to be true" time="0">
    </testcase>
    <testcase classname="common - Header - util - navData expect maX Lists condition to be false" name="common - Header - util - navData expect maX Lists condition to be false" time="0">
    </testcase>
    <testcase classname="common - Header - util - navData expect maX Lists condition to be true" name="common - Header - util - navData expect maX Lists condition to be true" time="0">
    </testcase>
    <testcase classname="common - Header - util - navData expect maX Features condition to be false" name="common - Header - util - navData expect maX Features condition to be false" time="0.001">
    </testcase>
    <testcase classname="common - Header - util - navData expect maX Features condition to be true" name="common - Header - util - navData expect maX Features condition to be true" time="0">
    </testcase>
    <testcase classname="common - Header - util - navData expect Profile Customer Approval condition to be false" name="common - Header - util - navData expect Profile Customer Approval condition to be false" time="0.009">
    </testcase>
    <testcase classname="common - Header - util - navData expect Profile Customer Approval condition to be true" name="common - Header - util - navData expect Profile Customer Approval condition to be true" time="0">
    </testcase>
    <testcase classname="common - Header - util - navData expect Profile User Management condition to be false" name="common - Header - util - navData expect Profile User Management condition to be false" time="0.001">
    </testcase>
    <testcase classname="common - Header - util - navData expect Profile User Management condition to be true" name="common - Header - util - navData expect Profile User Management condition to be true" time="0.001">
    </testcase>
    <testcase classname="common - Header - util - navData expect Profile Account Info condition to be false" name="common - Header - util - navData expect Profile Account Info condition to be false" time="0.001">
    </testcase>
    <testcase classname="common - Header - util - navData expect Profile Account Info condition to be true" name="common - Header - util - navData expect Profile Account Info condition to be true" time="0">
    </testcase>
    <testcase classname="common - Header - util - navData expect Profile Payment Info condition to be false" name="common - Header - util - navData expect Profile Payment Info condition to be false" time="0.001">
    </testcase>
    <testcase classname="common - Header - util - navData expect Profile Payment Info condition to be true" name="common - Header - util - navData expect Profile Payment Info condition to be true" time="0.001">
    </testcase>
    <testcase classname="common - Header - util - navData expect Resources Credit Forms condition to be true" name="common - Header - util - navData expect Resources Credit Forms condition to be true" time="0.001">
    </testcase>
    <testcase classname="common - Header - util - navData expect Resources Job Form condition to be true" name="common - Header - util - navData expect Resources Job Form condition to be true" time="0">
    </testcase>
    <testcase classname="common - Header - util - navData expect Resources About condition to be true" name="common - Header - util - navData expect Resources About condition to be true" time="0.001">
    </testcase>
    <testcase classname="common - Header - util - navData expect Resources Works For You condition to be true" name="common - Header - util - navData expect Resources Works For You condition to be true" time="0">
    </testcase>
  </testsuite>
  <testsuite name="Register - Matching snapshots" errors="0" failures="0" skipped="0" timestamp="2023-03-02T19:47:17" time="17.012" tests="15">
    <testcase classname="Register - Matching snapshots &quot;index&quot; should display correctly" name="Register - Matching snapshots &quot;index&quot; should display correctly" time="0.123">
    </testcase>
    <testcase classname="Register - Matching snapshots &quot;email verify&quot; should display correctly" name="Register - Matching snapshots &quot;email verify&quot; should display correctly" time="0.152">
    </testcase>
    <testcase classname="Register - Matching snapshots &quot;create password&quot; should display correctly" name="Register - Matching snapshots &quot;create password&quot; should display correctly" time="0.324">
    </testcase>
    <testcase classname="Register - Contact Information Verify errors on clicking continue when the form is empty" name="Register - Contact Information Verify errors on clicking continue when the form is empty" time="0.98">
    </testcase>
    <testcase classname="Register - Contact Information Verify first name and last name to accept alphanumeric" name="Register - Contact Information Verify first name and last name to accept alphanumeric" time="1.672">
    </testcase>
    <testcase classname="Register - Contact Information Verify errors when Phone Number less than 10 digits" name="Register - Contact Information Verify errors when Phone Number less than 10 digits" time="1.676">
    </testcase>
    <testcase classname="Register - Contact Information Verify errors when email has invalid value" name="Register - Contact Information Verify errors when email has invalid value" time="1.92">
    </testcase>
    <testcase classname="Register - Create  Password Verify error message when password is blank" name="Register - Create  Password Verify error message when password is blank" time="0.199">
    </testcase>
    <testcase classname="Register - Create  Password Verify error message when password is less than 8 characters" name="Register - Create  Password Verify error message when password is less than 8 characters" time="0.187">
    </testcase>
    <testcase classname="Register - Create  Password Verify error message when password has no upper case characters" name="Register - Create  Password Verify error message when password has no upper case characters" time="0.214">
    </testcase>
    <testcase classname="Register - Create  Password Verify error message when password has only characters and no numbers" name="Register - Create  Password Verify error message when password has only characters and no numbers" time="1.013">
    </testcase>
    <testcase classname="Register - Create  Password Verify no errors when correct and strong password is used" name="Register - Create  Password Verify no errors when correct and strong password is used" time="0.409">
    </testcase>
    <testcase classname="Register - Create  Password Verify error messages when a password contains Test keyword" name="Register - Create  Password Verify error messages when a password contains Test keyword" time="0.172">
    </testcase>
    <testcase classname="Register - Create  Password Verify no errors when a password contains dev keyword" name="Register - Create  Password Verify no errors when a password contains dev keyword" time="0.234">
    </testcase>
    <testcase classname="Register - Create  Password Verify error message when terms of sale or privacy policy is not checked" name="Register - Create  Password Verify error message when terms of sale or privacy policy is not checked" time="0.21">
    </testcase>
  </testsuite>
  <testsuite name="common - Header - SwitchAccounts" errors="0" failures="0" skipped="0" timestamp="2023-03-02T19:47:22" time="11.796" tests="13">
    <testcase classname="common - Header - SwitchAccounts expect to match snapshot on desktop as logged out user" name="common - Header - SwitchAccounts expect to match snapshot on desktop as logged out user" time="0.055">
    </testcase>
    <testcase classname="common - Header - SwitchAccounts expect to match snapshot on mobile as logged out user" name="common - Header - SwitchAccounts expect to match snapshot on mobile as logged out user" time="0.02">
    </testcase>
    <testcase classname="common - Header - SwitchAccounts expect to match snapshot on desktop as logged in user" name="common - Header - SwitchAccounts expect to match snapshot on desktop as logged in user" time="0.065">
    </testcase>
    <testcase classname="common - Header - SwitchAccounts expect to match snapshot on mobile as logged in user" name="common - Header - SwitchAccounts expect to match snapshot on mobile as logged in user" time="0.064">
    </testcase>
    <testcase classname="common - Header - SwitchAccounts expect to match snapshot on desktop as logged in user with multiple accounts" name="common - Header - SwitchAccounts expect to match snapshot on desktop as logged in user with multiple accounts" time="0.103">
    </testcase>
    <testcase classname="common - Header - SwitchAccounts expect to match snapshot on mobile as logged in user with multiple accounts" name="common - Header - SwitchAccounts expect to match snapshot on mobile as logged in user with multiple accounts" time="0.079">
    </testcase>
    <testcase classname="common - Header - SwitchAccounts expect to match snapshot on desktop as logged in user with multiple shipto accounts" name="common - Header - SwitchAccounts expect to match snapshot on desktop as logged in user with multiple shipto accounts" time="0.042">
    </testcase>
    <testcase classname="common - Header - SwitchAccounts expect to match snapshot on mobile as logged in user with multiple shipto accounts" name="common - Header - SwitchAccounts expect to match snapshot on mobile as logged in user with multiple shipto accounts" time="0.044">
    </testcase>
    <testcase classname="common - Header - SwitchAccounts expect to match snapshot on desktop as logged in user with shipTo accounts on hold" name="common - Header - SwitchAccounts expect to match snapshot on desktop as logged in user with shipTo accounts on hold" time="0.047">
    </testcase>
    <testcase classname="common - Header - SwitchAccounts expect to call history.push on data error" name="common - Header - SwitchAccounts expect to call history.push on data error" time="0.042">
    </testcase>
    <testcase classname="common - Header - SwitchAccounts expect to call onChange and history.push when the Change account is clicked" name="common - Header - SwitchAccounts expect to call onChange and history.push when the Change account is clicked" time="0.099">
    </testcase>
    <testcase classname="common - Header - SwitchAccounts expect to match snapshot with cart contract data" name="common - Header - SwitchAccounts expect to match snapshot with cart contract data" time="0.053">
    </testcase>
    <testcase classname="common - Header - SwitchAccounts should link to select accounts" name="common - Header - SwitchAccounts should link to select accounts" time="0.022">
    </testcase>
  </testsuite>
  <testsuite name="Order - index" errors="0" failures="0" skipped="4" timestamp="2023-03-02T19:47:22" time="14.275" tests="10">
    <testcase classname="Order - index Should match snapshot loading and display correctly for Eclipse" name="Order - index Should match snapshot loading and display correctly for Eclipse" time="0">
      <skipped/>
    </testcase>
    <testcase classname="Order - index Should match snapshot loading and display correctly for Mincron" name="Order - index Should match snapshot loading and display correctly for Mincron" time="0.639">
    </testcase>
    <testcase classname="Order - index Should match snapshot when ids are undefined in Eclipse" name="Order - index Should match snapshot when ids are undefined in Eclipse" time="0.166">
    </testcase>
    <testcase classname="Order - index Should match snapshot when ids are undefined in Mincron" name="Order - index Should match snapshot when ids are undefined in Mincron" time="0.174">
    </testcase>
    <testcase classname="Order - index Should match snapshot when it is Invoiced" name="Order - index Should match snapshot when it is Invoiced" time="0.155">
    </testcase>
    <testcase classname="Order - index Should match snapshot when it is Submitted" name="Order - index Should match snapshot when it is Submitted" time="0.165">
    </testcase>
    <testcase classname="Order - index Should match snapshot when it is Unknown" name="Order - index Should match snapshot when it is Unknown" time="0.209">
    </testcase>
    <testcase classname="Order - index Should match snapshot when it&apos;s from Invoices" name="Order - index Should match snapshot when it&apos;s from Invoices" time="0">
      <skipped/>
    </testcase>
    <testcase classname="Order - index Should match snapshot when it&apos;s from Invoices and search is validd" name="Order - index Should match snapshot when it&apos;s from Invoices and search is validd" time="0">
      <skipped/>
    </testcase>
    <testcase classname="Order - index Should show add items to cart button as disabled" name="Order - index Should show add items to cart button as disabled" time="0">
      <skipped/>
    </testcase>
  </testsuite>
  <testsuite name="Common - QtyInput" errors="0" failures="0" skipped="0" timestamp="2023-03-02T19:47:31" time="11.314" tests="14">
    <testcase classname="Common - QtyInput Expect QtyInput matches the snapshot" name="Common - QtyInput Expect QtyInput matches the snapshot" time="0.185">
    </testcase>
    <testcase classname="Common - QtyInput Expect QtyInput matches the snapshot with fullWidth and index" name="Common - QtyInput Expect QtyInput matches the snapshot with fullWidth and index" time="0.034">
    </testcase>
    <testcase classname="Common - QtyInput Expect input to be updated" name="Common - QtyInput Expect input to be updated" time="0.107">
    </testcase>
    <testcase classname="Common - QtyInput Expect input to be updated with incremental value" name="Common - QtyInput Expect input to be updated with incremental value" time="1.037">
    </testcase>
    <testcase classname="Common - QtyInput Expect input to have 0" name="Common - QtyInput Expect input to have 0" time="0.341">
    </testcase>
    <testcase classname="Common - QtyInput Expect input only take numbers" name="Common - QtyInput Expect input only take numbers" time="0.061">
    </testcase>
    <testcase classname="Common - QtyInput Expect input allows blank while editing" name="Common - QtyInput Expect input allows blank while editing" time="0.066">
    </testcase>
    <testcase classname="Common - QtyInput Expect input to cap at max number of digits based on the max value" name="Common - QtyInput Expect input to cap at max number of digits based on the max value" time="0.066">
    </testcase>
    <testcase classname="Common - QtyInput Expect input to sync with parent value" name="Common - QtyInput Expect input to sync with parent value" time="0.063">
    </testcase>
    <testcase classname="Common - QtyInput Expect input to be updated with up arrow" name="Common - QtyInput Expect input to be updated with up arrow" time="0.451">
    </testcase>
    <testcase classname="Common - QtyInput Expect input not to be updated with up and down arrow" name="Common - QtyInput Expect input not to be updated with up and down arrow" time="0.445">
    </testcase>
    <testcase classname="Common - QtyInput Expect input to be updated with up arrow with noDebounce" name="Common - QtyInput Expect input to be updated with up arrow with noDebounce" time="0.039">
    </testcase>
    <testcase classname="Common - QtyInput Expect MinimumQtyDiaglog matches the snapshot" name="Common - QtyInput Expect MinimumQtyDiaglog matches the snapshot" time="0.065">
    </testcase>
    <testcase classname="Common - QtyInput Expect MinimumQtyDiaglog matches the snapshot on mobile" name="Common - QtyInput Expect MinimumQtyDiaglog matches the snapshot on mobile" time="0.132">
    </testcase>
  </testsuite>
  <testsuite name="Order - LineItem" errors="0" failures="0" skipped="0" timestamp="2023-03-02T19:47:34" time="11.901" tests="23">
    <testcase classname="Order - LineItem desktop Should match snapshot" name="Order - LineItem desktop Should match snapshot" time="0.929">
    </testcase>
    <testcase classname="Order - LineItem desktop Should match snapshot when loading" name="Order - LineItem desktop Should match snapshot when loading" time="0.115">
    </testcase>
    <testcase classname="Order - LineItem desktop Should expect addItemToCart is called when reorder button is clicked" name="Order - LineItem desktop Should expect addItemToCart is called when reorder button is clicked" time="0.15">
    </testcase>
    <testcase classname="Order - LineItem desktop Should expect addItemToCart is called when reorder button is clicked with undefined lineItem" name="Order - LineItem desktop Should expect addItemToCart is called when reorder button is clicked with undefined lineItem" time="0.162">
    </testcase>
    <testcase classname="Order - LineItem desktop Should match snapshot when cart is loading" name="Order - LineItem desktop Should match snapshot when cart is loading" time="0.141">
    </testcase>
    <testcase classname="Order - LineItem desktop Should match snapshot with comment line item" name="Order - LineItem desktop Should match snapshot with comment line item" time="0.078">
    </testcase>
    <testcase classname="Order - LineItem desktop Should match snapshot with comment line item when loading" name="Order - LineItem desktop Should match snapshot with comment line item when loading" time="0.138">
    </testcase>
    <testcase classname="Order - LineItem desktop Should match snapshot with comment line item that&apos;s nullish" name="Order - LineItem desktop Should match snapshot with comment line item that&apos;s nullish" time="0.083">
    </testcase>
    <testcase classname="Order - LineItem desktop Should match snapshot with lineComment while on Mincron" name="Order - LineItem desktop Should match snapshot with lineComment while on Mincron" time="0.108">
    </testcase>
    <testcase classname="Order - LineItem desktop Should match snapshot with lineComment while on Mincron nad loading" name="Order - LineItem desktop Should match snapshot with lineComment while on Mincron nad loading" time="0.085">
    </testcase>
    <testcase classname="Order - LineItem desktop Should match snapshot with lineNumber" name="Order - LineItem desktop Should match snapshot with lineNumber" time="0.093">
    </testcase>
    <testcase classname="Order - LineItem mobile Should match snapshot" name="Order - LineItem mobile Should match snapshot" time="0.287">
    </testcase>
    <testcase classname="Order - LineItem mobile Should match snapshot when loading" name="Order - LineItem mobile Should match snapshot when loading" time="0.062">
    </testcase>
    <testcase classname="Order - LineItem mobile Should expect addItemToCart is called when reorder button is clicked" name="Order - LineItem mobile Should expect addItemToCart is called when reorder button is clicked" time="0.115">
    </testcase>
    <testcase classname="Order - LineItem mobile Should expect addItemToCart is called when reorder button is clicked with undefined lineItem" name="Order - LineItem mobile Should expect addItemToCart is called when reorder button is clicked with undefined lineItem" time="0.232">
    </testcase>
    <testcase classname="Order - LineItem mobile Should match snapshot when cart is loading" name="Order - LineItem mobile Should match snapshot when cart is loading" time="0.175">
    </testcase>
    <testcase classname="Order - LineItem mobile Should match snapshot with comment line item" name="Order - LineItem mobile Should match snapshot with comment line item" time="0.073">
    </testcase>
    <testcase classname="Order - LineItem mobile Should match snapshot with comment line item when loading" name="Order - LineItem mobile Should match snapshot with comment line item when loading" time="0.051">
    </testcase>
    <testcase classname="Order - LineItem mobile Should match snapshot with comment line item that&apos;s nullish" name="Order - LineItem mobile Should match snapshot with comment line item that&apos;s nullish" time="0.08">
    </testcase>
    <testcase classname="Order - LineItem mobile Should match snapshot with lineComment while on Mincron" name="Order - LineItem mobile Should match snapshot with lineComment while on Mincron" time="0.153">
    </testcase>
    <testcase classname="Order - LineItem mobile Should match snapshot when erpPartNumber is null on Mincron" name="Order - LineItem mobile Should match snapshot when erpPartNumber is null on Mincron" time="0.207">
    </testcase>
    <testcase classname="Order - LineItem mobile Should match snapshot with lineComment while on Mincron nad loading" name="Order - LineItem mobile Should match snapshot with lineComment while on Mincron nad loading" time="0.159">
    </testcase>
    <testcase classname="Order - LineItem mobile Should match snapshot with lineNumber" name="Order - LineItem mobile Should match snapshot with lineNumber" time="0.189">
    </testcase>
  </testsuite>
  <testsuite name="List Upload tests" errors="0" failures="0" skipped="0" timestamp="2023-03-02T19:47:34" time="12.415" tests="7">
    <testcase classname="List Upload tests Should display a link to download the file upload template file" name="List Upload tests Should display a link to download the file upload template file" time="0.458">
    </testcase>
    <testcase classname="List Upload tests Should add a CSV file through the file picker" name="List Upload tests Should add a CSV file through the file picker" time="0.498">
    </testcase>
    <testcase classname="List Upload tests Should add a CSV file with drag and drop" name="List Upload tests Should add a CSV file with drag and drop" time="0.345">
    </testcase>
    <testcase classname="List Upload tests Should not add a file besides a CSV through the file picker" name="List Upload tests Should not add a file besides a CSV through the file picker" time="0.445">
    </testcase>
    <testcase classname="List Upload tests Should not add a file besides a CSV with drag and drop" name="List Upload tests Should not add a file besides a CSV with drag and drop" time="0.346">
    </testcase>
    <testcase classname="List Upload tests Should remove an uploaded file" name="List Upload tests Should remove an uploaded file" time="0.76">
    </testcase>
    <testcase classname="List Upload tests - Mobile Should not allow drag-and-drop" name="List Upload tests - Mobile Should not allow drag-and-drop" time="0.3">
    </testcase>
  </testsuite>
  <testsuite name="Branches - BranchSidebar" errors="0" failures="0" skipped="0" timestamp="2023-03-02T19:47:37" time="13.772" tests="13">
    <testcase classname="Branches - BranchSidebar should match snapshot" name="Branches - BranchSidebar should match snapshot" time="1.016">
    </testcase>
    <testcase classname="Branches - BranchSidebar should match snapshot when loading" name="Branches - BranchSidebar should match snapshot when loading" time="0.792">
    </testcase>
    <testcase classname="Branches - BranchSidebar should match snapshot when loading with branches" name="Branches - BranchSidebar should match snapshot when loading with branches" time="1.021">
    </testcase>
    <testcase classname="Branches - BranchSidebar should match snapshot when nearbyBranchesLoading is false, nearbyBranches is empty, and branchSelectOpen is on" name="Branches - BranchSidebar should match snapshot when nearbyBranchesLoading is false, nearbyBranches is empty, and branchSelectOpen is on" time="0.329">
    </testcase>
    <testcase classname="Branches - BranchSidebar should fire the setBranchSelectFunction when backdrop is clicked" name="Branches - BranchSidebar should fire the setBranchSelectFunction when backdrop is clicked" time="0.064">
    </testcase>
    <testcase classname="Branches - BranchSidebar should show the loading state if nearby branches are loading" name="Branches - BranchSidebar should show the loading state if nearby branches are loading" time="0.038">
    </testcase>
    <testcase classname="Branches - BranchSidebar should display more branches when a user selects show more" name="Branches - BranchSidebar should display more branches when a user selects show more" time="0.301">
    </testcase>
    <testcase classname="Branches - BranchSidebar should test the warning message based on cart items" name="Branches - BranchSidebar should test the warning message based on cart items" time="0.114">
    </testcase>
    <testcase classname="Branches - BranchSidebar should call handleApplyDivision on change" name="Branches - BranchSidebar should call handleApplyDivision on change" time="0.13">
    </testcase>
    <testcase classname="Branches - BranchSidebar Should filter by type Plumbing" name="Branches - BranchSidebar Should filter by type Plumbing" time="0.355">
    </testcase>
    <testcase classname="Branches - BranchSidebar Should filter by type waterworks" name="Branches - BranchSidebar Should filter by type waterworks" time="1.21">
    </testcase>
    <testcase classname="Branches - BranchSidebar Should filter by type bandk" name="Branches - BranchSidebar Should filter by type bandk" time="0.165">
    </testcase>
    <testcase classname="Branches - BranchSidebar Should filter by type hvac" name="Branches - BranchSidebar Should filter by type hvac" time="0.141">
    </testcase>
  </testsuite>
  <testsuite name="UpdatePasswordDialog tests" errors="0" failures="0" skipped="0" timestamp="2023-03-02T19:47:42" time="14.09" tests="10">
    <testcase classname="UpdatePasswordDialog tests should show submit change button when dialog open" name="UpdatePasswordDialog tests should show submit change button when dialog open" time="0.38">
    </testcase>
    <testcase classname="UpdatePasswordDialog tests Show Password Required Message When Old Password filed is empty" name="UpdatePasswordDialog tests Show Password Required Message When Old Password filed is empty" time="0.278">
    </testcase>
    <testcase classname="UpdatePasswordDialog tests Show Invalid Password Message When Old Password filed is not strong" name="UpdatePasswordDialog tests Show Invalid Password Message When Old Password filed is not strong" time="0.287">
    </testcase>
    <testcase classname="UpdatePasswordDialog tests Show Password Required Message When New Password filed is empty" name="UpdatePasswordDialog tests Show Password Required Message When New Password filed is empty" time="0.233">
    </testcase>
    <testcase classname="UpdatePasswordDialog tests Show Invalid Password Message When New Password filed is not strong" name="UpdatePasswordDialog tests Show Invalid Password Message When New Password filed is not strong" time="0.333">
    </testcase>
    <testcase classname="UpdatePasswordDialog tests Show Password Required Message When Confirm Password filed is empty" name="UpdatePasswordDialog tests Show Password Required Message When Confirm Password filed is empty" time="0.355">
    </testcase>
    <testcase classname="UpdatePasswordDialog tests Show Password Not Match Message" name="UpdatePasswordDialog tests Show Password Not Match Message" time="0.459">
    </testcase>
    <testcase classname="UpdatePasswordDialog Form - Submit Should show Okta Error Message on Error" name="UpdatePasswordDialog Form - Submit Should show Okta Error Message on Error" time="0.646">
    </testcase>
    <testcase classname="UpdatePasswordDialog Form - Submit Should show Success message when submit success" name="UpdatePasswordDialog Form - Submit Should show Success message when submit success" time="0.628">
    </testcase>
    <testcase classname="UpdatePasswordDialog Form - Submit Should show error message when update password failed" name="UpdatePasswordDialog Form - Submit Should show error message when update password failed" time="0.601">
    </testcase>
  </testsuite>
  <testsuite name="Checkout - Review" errors="0" failures="0" skipped="0" timestamp="2023-03-02T19:47:51" time="12.083" tests="14">
    <testcase classname="Checkout - Review should match snapshot on desktop" name="Checkout - Review should match snapshot on desktop" time="0.508">
    </testcase>
    <testcase classname="Checkout - Review should match snapshot on mobile" name="Checkout - Review should match snapshot on mobile" time="0.518">
    </testcase>
    <testcase classname="Checkout - Review should match snapshot with invalid Cart" name="Checkout - Review should match snapshot with invalid Cart" time="0.03">
    </testcase>
    <testcase classname="Checkout - Review should match snapshot with no items in cart" name="Checkout - Review should match snapshot with no items in cart" time="0.063">
    </testcase>
    <testcase classname="Checkout - Review should match snapshot with cart and contract" name="Checkout - Review should match snapshot with cart and contract" time="0.216">
    </testcase>
    <testcase classname="Checkout - Review should match snapshot with cart and contract as willcall" name="Checkout - Review should match snapshot with cart and contract as willcall" time="0.28">
    </testcase>
    <testcase classname="Checkout - Review should match snapshot as credit card payment" name="Checkout - Review should match snapshot as credit card payment" time="0.266">
    </testcase>
    <testcase classname="Checkout - Review should match snapshot on desktop with willcall deliveryMethodObject" name="Checkout - Review should match snapshot on desktop with willcall deliveryMethodObject" time="0.229">
    </testcase>
    <testcase classname="Checkout - Review should match snapshot on mobile with willcall deliveryMethodObject" name="Checkout - Review should match snapshot on mobile with willcall deliveryMethodObject" time="0.309">
    </testcase>
    <testcase classname="Checkout - Review should match snapshot with delivery deliveryMethodObject and set time as afternoon" name="Checkout - Review should match snapshot with delivery deliveryMethodObject and set time as afternoon" time="0.209">
    </testcase>
    <testcase classname="Checkout - Review expect to set step as PAYMENT when &quot;edit-payment-info&quot; is clicked" name="Checkout - Review expect to set step as PAYMENT when &quot;edit-payment-info&quot; is clicked" time="0.194">
    </testcase>
    <testcase classname="Checkout - Review expect to set step as INFO when &quot;edit-delivery-info&quot; is clicked" name="Checkout - Review expect to set step as INFO when &quot;edit-delivery-info&quot; is clicked" time="0.194">
    </testcase>
    <testcase classname="Checkout - Review expect to set step as INFO when &quot;edit-special-instructions&quot; is clicked" name="Checkout - Review expect to set step as INFO when &quot;edit-special-instructions&quot; is clicked" time="0.216">
    </testcase>
    <testcase classname="Checkout - Review expect to call history.goBack when &quot;edit-cart&quot; is clicked" name="Checkout - Review expect to call history.goBack when &quot;edit-cart&quot; is clicked" time="0.269">
    </testcase>
  </testsuite>
  <testsuite name="Invoices List - Columns" errors="0" failures="0" skipped="0" timestamp="2023-03-02T19:47:57" time="8.325" tests="20">
    <testcase classname="Invoices List - Columns Expect `invoicesColumnsMemo` to return Eclipse columns" name="Invoices List - Columns Expect `invoicesColumnsMemo` to return Eclipse columns" time="0.011">
    </testcase>
    <testcase classname="Invoices List - Columns Expect `invoicesColumnsMemo` to return Mincron columns" name="Invoices List - Columns Expect `invoicesColumnsMemo` to return Mincron columns" time="0.002">
    </testcase>
    <testcase classname="Invoices List - Columns expect `selectionCell` to be NOT disabled" name="Invoices List - Columns expect `selectionCell` to be NOT disabled" time="0.002">
    </testcase>
    <testcase classname="Invoices List - Columns expect `selectionCell` to be disabled" name="Invoices List - Columns expect `selectionCell` to be disabled" time="0.001">
    </testcase>
    <testcase classname="Invoices List - Columns expect `pdfIconCell` to have the right `href` when invoicenumber start with `S`" name="Invoices List - Columns expect `pdfIconCell` to have the right `href` when invoicenumber start with `S`" time="0.002">
    </testcase>
    <testcase classname="Invoices List - Columns expect `pdfIconCell` to not have the a tag when invoicenumber start without `S`" name="Invoices List - Columns expect `pdfIconCell` to not have the a tag when invoicenumber start without `S`" time="0.001">
    </testcase>
    <testcase classname="Invoices List - Columns expect `pdfIconCell` to return null when value is empty" name="Invoices List - Columns expect `pdfIconCell` to return null when value is empty" time="0.002">
    </testcase>
    <testcase classname="Invoices List - Columns expect `invoiceNumberCell` to return the matching value" name="Invoices List - Columns expect `invoiceNumberCell` to return the matching value" time="0.044">
    </testcase>
[...]
    </testcase>
  </testsuite>
  <testsuite name="Invoice - InfoCard" errors="0" failures="0" skipped="0" timestamp="2023-03-02T19:53:38" time="5.618" tests="4">
    <testcase classname="Invoice - InfoCard Should match snapshot when loading" name="Invoice - InfoCard Should match snapshot when loading" time="0.088">
    </testcase>
    <testcase classname="Invoice - InfoCard Should match snapshot when loading invoice data" name="Invoice - InfoCard Should match snapshot when loading invoice data" time="0.04">
    </testcase>
    <testcase classname="Invoice - InfoCard Should match snapshot after invoice data is loaded" name="Invoice - InfoCard Should match snapshot after invoice data is loaded" time="0.046">
    </testcase>
    <testcase classname="Invoice - InfoCard Should match snapshot with undefined Invoice data" name="Invoice - InfoCard Should match snapshot with undefined Invoice data" time="0.03">
    </testcase>
  </testsuite>
  <testsuite name="common - TablePageLayout - TableRenderer" errors="0" failures="0" skipped="0" timestamp="2023-03-02T19:53:38" time="5.516" tests="2">
    <testcase classname="common - TablePageLayout - TableRenderer Expect to match snapshot with basic props on desktop" name="common - TablePageLayout - TableRenderer Expect to match snapshot with basic props on desktop" time="0.076">
    </testcase>
    <testcase classname="common - TablePageLayout - TableRenderer Expect to match snapshot with basic props on mobile" name="common - TablePageLayout - TableRenderer Expect to match snapshot with basic props on mobile" time="0.038">
    </testcase>
  </testsuite>
  <testsuite name="Checkout - CustomAddress" errors="0" failures="0" skipped="0" timestamp="2023-03-02T19:53:38" time="5.915" tests="2">
    <testcase classname="Checkout - CustomAddress should match snapshot" name="Checkout - CustomAddress should match snapshot" time="0.319">
    </testcase>
    <testcase classname="Checkout - CustomAddress expect error messages to pop up when submitting without inputs" name="Checkout - CustomAddress expect error messages to pop up when submitting without inputs" time="0.277">
    </testcase>
  </testsuite>
  <testsuite name="Remove Cart Items Dialog" errors="0" failures="0" skipped="0" timestamp="2023-03-02T19:53:44" time="5.817" tests="2">
    <testcase classname="Remove Cart Items Dialog Snapshot match with data" name="Remove Cart Items Dialog Snapshot match with data" time="0.175">
    </testcase>
    <testcase classname="Remove Cart Items Dialog Close Button click test" name="Remove Cart Items Dialog Close Button click test" time="0.058">
    </testcase>
  </testsuite>
  <testsuite name="Quotes test" errors="0" failures="0" skipped="0" timestamp="2023-03-02T19:53:41" time="8.322" tests="2">
    <testcase classname="Quotes test should match snapshot on desktop" name="Quotes test should match snapshot on desktop" time="0.781">
    </testcase>
    <testcase classname="Quotes test should match snapshot on mobile" name="Quotes test should match snapshot on mobile" time="1.694">
    </testcase>
  </testsuite>
  <testsuite name="Common - Loader" errors="0" failures="0" skipped="0" timestamp="2023-03-02T19:53:44" time="7.425" tests="4">
    <testcase classname="Common - Loader expect loader to match snapshot" name="Common - Loader expect loader to match snapshot" time="0.055">
    </testcase>
    <testcase classname="Common - Loader expect loader to match snapshot with backdrop" name="Common - Loader expect loader to match snapshot with backdrop" time="0.017">
    </testcase>
    <testcase classname="Common - Loader expect loader to match snapshot with `page` size" name="Common - Loader expect loader to match snapshot with `page` size" time="0.02">
    </testcase>
    <testcase classname="Common - Loader expect loader to match snapshot with `flex` size" name="Common - Loader expect loader to match snapshot with `flex` size" time="0.018">
    </testcase>
  </testsuite>
  <testsuite name="Branch Management" errors="0" failures="0" skipped="0" timestamp="2023-03-02T19:53:44" time="8.128" tests="1">
    <testcase classname="Branch Management Should render page when permissions are set" name="Branch Management Should render page when permissions are set" time="0.478">
    </testcase>
  </testsuite>
  <testsuite name="common - AccordionWrapper" errors="0" failures="0" skipped="0" timestamp="2023-03-02T19:53:50" time="7.623" tests="2">
    <testcase classname="common - AccordionWrapper expect to match snapshot" name="common - AccordionWrapper expect to match snapshot" time="0.162">
    </testcase>
    <testcase classname="common - AccordionWrapper expect to match snapshot as warning variant" name="common - AccordionWrapper expect to match snapshot as warning variant" time="0.072">
    </testcase>
  </testsuite>
  <testsuite name="Purchased Products" errors="0" failures="0" skipped="0" timestamp="2023-03-02T19:53:52" time="6.728" tests="2">
    <testcase classname="Purchased Products Renders Purchased Products in desktop" name="Purchased Products Renders Purchased Products in desktop" time="0.181">
    </testcase>
    <testcase classname="Purchased Products Renders Purchased Products in mobile" name="Purchased Products Renders Purchased Products in mobile" time="0.19">
    </testcase>
  </testsuite>
  <testsuite name="translations" errors="0" failures="0" skipped="0" timestamp="2023-03-02T19:53:59" time="0.313" tests="1">
    <testcase classname="translations should return the translations" name="translations should return the translations" time="0.002">
    </testcase>
  </testsuite>
  <testsuite name="SearchFilters component tests" errors="0" failures="0" skipped="0" timestamp="2023-03-02T19:53:52" time="7.509" tests="1">
    <testcase classname="SearchFilters component tests Should make separate calls for the product and the pricing &amp; availability" name="SearchFilters component tests Should make separate calls for the product and the pricing &amp; availability" time="1.219">
    </testcase>
  </testsuite>
  <testsuite name="Register" errors="0" failures="0" skipped="0" timestamp="2023-03-02T19:53:50" time="10.785" tests="1">
    <testcase classname="Register Should render the register page" name="Register Should render the register page" time="0.126">
    </testcase>
  </testsuite>
  <testsuite name="Utils - localStorage" errors="0" failures="0" skipped="0" timestamp="2023-03-02T19:54:01" time="1.187" tests="2">
    <testcase classname="Utils - localStorage expect setting an item with no userId" name="Utils - localStorage expect setting an item with no userId" time="0.003">
    </testcase>
    <testcase classname="Utils - localStorage expect setting an item with userId" name="Utils - localStorage expect setting an item with userId" time="0.001">
    </testcase>
  </testsuite>
  <testsuite name="Home - Landing" errors="0" failures="0" skipped="0" timestamp="2023-03-02T19:53:58" time="7.606" tests="2">
    <testcase classname="Home - Landing Match snapshot with hero text" name="Home - Landing Match snapshot with hero text" time="0.307">
    </testcase>
    <testcase classname="Home - Landing Match snapshot with hero sub" name="Home - Landing Match snapshot with hero sub" time="0.071">
    </testcase>
  </testsuite>
  <testsuite name="common - Overlay" errors="0" failures="0" skipped="0" timestamp="2023-03-02T19:53:59" time="7.541" tests="2">
    <testcase classname="common - Overlay Should match snapshot with the bare minimum props" name="common - Overlay Should match snapshot with the bare minimum props" time="0.043">
    </testcase>
    <testcase classname="common - Overlay Should match snapshot with the valid props" name="common - Overlay Should match snapshot with the valid props" time="0.03">
    </testcase>
  </testsuite>
  <testsuite name="common - BackToTop" errors="0" failures="0" skipped="0" timestamp="2023-03-02T19:53:59" time="8.087" tests="2">
    <testcase classname="common - BackToTop should match snapshot" name="common - BackToTop should match snapshot" time="0.074">
    </testcase>
    <testcase classname="common - BackToTop should call `window.scrollTo` when the button is clicked" name="common - BackToTop should call `window.scrollTo` when the button is clicked" time="0.025">
    </testcase>
  </testsuite>
  <testsuite name="Brands - BigDog" errors="0" failures="0" skipped="0" timestamp="2023-03-02T19:54:02" time="6.229" tests="2">
    <testcase classname="Brands - BigDog index should match the snapshot on desktop" name="Brands - BigDog index should match the snapshot on desktop" time="0.189">
    </testcase>
    <testcase classname="Brands - BigDog index should match the snapshot on mobile" name="Brands - BigDog index should match the snapshot on mobile" time="0.125">
    </testcase>
  </testsuite>
  <testsuite name="Contracts - util/useContractsData" errors="0" failures="0" skipped="0" timestamp="2023-03-02T19:54:06" time="5.35" tests="3">
    <testcase classname="Contracts - util/useContractsData expect `sortByMemo` to return &quot;lastRelease&quot;" name="Contracts - util/useContractsData expect `sortByMemo` to return &quot;lastRelease&quot;" time="0.002">
    </testcase>
    <testcase classname="Contracts - util/useContractsData expect `sortByMemo` to return &quot;firstRelease&quot;" name="Contracts - util/useContractsData expect `sortByMemo` to return &quot;firstRelease&quot;" time="0.001">
    </testcase>
    <testcase classname="Contracts - util/useContractsData expect `sortByMemo` to return &quot;other&quot;" name="Contracts - util/useContractsData expect `sortByMemo` to return &quot;other&quot;" time="0">
    </testcase>
  </testsuite>
  <testsuite name="Checkout - DeliveryMethod" errors="0" failures="0" skipped="0" timestamp="2023-03-02T19:54:07" time="5.806" tests="2">
    <testcase classname="Checkout - DeliveryMethod should match snapshot on desktop" name="Checkout - DeliveryMethod should match snapshot on desktop" time="0.178">
    </testcase>
    <testcase classname="Checkout - DeliveryMethod should match snapshot on mobile" name="Checkout - DeliveryMethod should match snapshot on mobile" time="0.098">
    </testcase>
  </testsuite>
  <testsuite name="Cart - Warning" errors="0" failures="0" skipped="0" timestamp="2023-03-02T19:54:08" time="5.226" tests="2">
    <testcase classname="Cart - Warning expect to match snapshop on desktop" name="Cart - Warning expect to match snapshop on desktop" time="0.059">
    </testcase>
    <testcase classname="Cart - Warning expect to match snapshop on mobile" name="Cart - Warning expect to match snapshop on mobile" time="0.028">
    </testcase>
  </testsuite>
  <testsuite name="Brands - Posh" errors="0" failures="0" skipped="0" timestamp="2023-03-02T19:54:07" time="6.271" tests="2">
    <testcase classname="Brands - Posh index should match the snapshot on desktop" name="Brands - Posh index should match the snapshot on desktop" time="0.271">
    </testcase>
    <testcase classname="Brands - Posh index should match the snapshot on mobile" name="Brands - Posh index should match the snapshot on mobile" time="0.25">
    </testcase>
  </testsuite>
  <testsuite name="Decode HTML entities" errors="0" failures="0" skipped="0" timestamp="2023-03-02T19:54:14" time="1.185" tests="4">
    <testcase classname="Decode HTML entities returns an empty string when nothing is provided" name="Decode HTML entities returns an empty string when nothing is provided" time="0.006">
    </testcase>
    <testcase classname="Decode HTML entities format &amp;quot; to &quot;" name="Decode HTML entities format &amp;quot; to &quot;" time="0.002">
    </testcase>
    <testcase classname="Decode HTML entities format &amp;#39; to &apos;" name="Decode HTML entities format &amp;#39; to &apos;" time="0.002">
    </testcase>
    <testcase classname="Decode HTML entities format &amp;#x2F; to /" name="Decode HTML entities format &amp;#x2F; to /" time="0.001">
    </testcase>
  </testsuite>
  <testsuite name="Cart - Warning" errors="0" failures="0" skipped="0" timestamp="2023-03-02T19:54:13" time="6.822" tests="2">
    <testcase classname="Cart - Warning expect to match snapshop on desktop" name="Cart - Warning expect to match snapshop on desktop" time="0.066">
    </testcase>
    <testcase classname="Cart - Warning expect to match snapshop on mobile" name="Cart - Warning expect to match snapshop on mobile" time="0.02">
    </testcase>
  </testsuite>
  <testsuite name="Brands" errors="0" failures="0" skipped="0" timestamp="2023-03-02T19:54:14" time="7.876" tests="2">
    <testcase classname="Brands Should match snapshot on desktop" name="Brands Should match snapshot on desktop" time="0.131">
    </testcase>
    <testcase classname="Brands Should match snapshot on mobile" name="Brands Should match snapshot on mobile" time="0.056">
    </testcase>
  </testsuite>
  <testsuite name="statusMapping util" errors="0" failures="0" skipped="0" timestamp="2023-03-02T19:54:22" time="0.259" tests="3">
    <testcase classname="statusMapping util should return &quot;delivery&quot; without an underscore in status" name="statusMapping util should return &quot;delivery&quot; without an underscore in status" time="0.002">
    </testcase>
    <testcase classname="statusMapping util should return &quot;delivery&quot; with an underscore in status" name="statusMapping util should return &quot;delivery&quot; with an underscore in status" time="0">
    </testcase>
    <testcase classname="statusMapping util should return `undefined`with an underscore in status" name="statusMapping util should return `undefined`with an underscore in status" time="0.001">
    </testcase>
  </testsuite>
  <testsuite name="stateCodes util" errors="0" failures="0" skipped="0" timestamp="2023-03-02T19:54:22" time="0.264" tests="3">
    <testcase classname="stateCodes util should return correct state code for the state name" name="stateCodes util should return correct state code for the state name" time="0.003">
    </testcase>
    <testcase classname="stateCodes util should return correct state code for the state name with multiple words" name="stateCodes util should return correct state code for the state name with multiple words" time="0.001">
    </testcase>
    <testcase classname="stateCodes util should return undefined for incorrect state code" name="stateCodes util should return undefined for incorrect state code" time="0.001">
    </testcase>
  </testsuite>
  <testsuite name="Utils - formatOktaErrors" errors="0" failures="0" skipped="0" timestamp="2023-03-02T19:54:22" time="0.257" tests="1">
    <testcase classname="Utils - formatOktaErrors should return only the error message" name="Utils - formatOktaErrors should return only the error message" time="0.002">
    </testcase>
  </testsuite>
  <testsuite name="Company" errors="0" failures="0" skipped="0" timestamp="2023-03-02T19:54:15" time="8.825" tests="2">
    <testcase classname="Company Should match snapshop on desktop" name="Company Should match snapshop on desktop" time="0.105">
    </testcase>
    <testcase classname="Company Should match snapshop on mobile" name="Company Should match snapshop on mobile" time="0.064">
    </testcase>
  </testsuite>
  <testsuite name="CreditCard - util/useCreditCardForm" errors="0" failures="0" skipped="0" timestamp="2023-03-02T19:54:24" time="0.397" tests="1">
    <testcase classname="CreditCard - util/useCreditCardForm Expect `submitCreditCardForm` to call mocked function" name="CreditCard - util/useCreditCardForm Expect `submitCreditCardForm` to call mocked function" time="0.002">
    </testcase>
  </testsuite>
  <testsuite name="formatNonNegativeFields" errors="0" failures="0" skipped="0" timestamp="2023-03-02T19:54:24" time="0.266" tests="3">
    <testcase classname="formatNonNegativeFields With Negative Value" name="formatNonNegativeFields With Negative Value" time="0.002">
    </testcase>
    <testcase classname="formatNonNegativeFields With Positive Value" name="formatNonNegativeFields With Positive Value" time="0">
    </testcase>
    <testcase classname="formatNonNegativeFields With No Value" name="formatNonNegativeFields With No Value" time="0">
    </testcase>
  </testsuite>
  <testsuite name="Works For You" errors="0" failures="0" skipped="0" timestamp="2023-03-02T19:54:11" time="14.131" tests="2">
    <testcase classname="Works For You should match the snapshot on desktop" name="Works For You should match the snapshot on desktop" time="0.095">
    </testcase>
    <testcase classname="Works For You should match the snapshot on mobile" name="Works For You should match the snapshot on mobile" time="0.053">
    </testcase>
  </testsuite>
  <testsuite name="AboutUs" errors="0" failures="0" skipped="0" timestamp="2023-03-02T19:54:20" time="8.599" tests="2">
    <testcase classname="AboutUs Should match snapshop on desktop" name="AboutUs Should match snapshop on desktop" time="0.37">
    </testcase>
    <testcase classname="AboutUs Should match snapshop on mobile" name="AboutUs Should match snapshop on mobile" time="1.13">
    </testcase>
  </testsuite>
  <testsuite name="utils - inputTestId" errors="0" failures="0" skipped="0" timestamp="2023-03-02T19:54:22" time="6.839" tests="2">
    <testcase classname="utils - inputTestId expect to return data-testid" name="utils - inputTestId expect to return data-testid" time="0.01">
    </testcase>
    <testcase classname="utils - inputTestId expect to match snapshot of radio" name="utils - inputTestId expect to match snapshot of radio" time="0.36">
    </testcase>
  </testsuite>
  <testsuite name="Utils - currency" errors="0" failures="0" skipped="0" timestamp="2023-03-02T19:54:31" time="2.117" tests="2">
    <testcase classname="Utils - currency converts number string to dollars" name="Utils - currency converts number string to dollars" time="0.005">
    </testcase>
    <testcase classname="Utils - currency converts whole number string, including cents, to dollars" name="Utils - currency converts whole number string, including cents, to dollars" time="0.001">
    </testcase>
  </testsuite>
  <testsuite name="Utils - useScrollToTop" errors="0" failures="0" skipped="0" timestamp="2023-03-02T19:54:25" time="8.676" tests="1">
    <testcase classname="Utils - useScrollToTop ScrollToTop scrolls to (0,0) when loaded" name="Utils - useScrollToTop ScrollToTop scrolls to (0,0) when loaded" time="0.066">
    </testcase>
  </testsuite>
  <testsuite name="Contract Details - Data" errors="0" failures="0" skipped="0" timestamp="2023-03-02T19:54:29" time="8.329" tests="1">
    <testcase classname="Contract Details - Data Expect the data memo to filter out Mincron accounts" name="Contract Details - Data Expect the data memo to filter out Mincron accounts" time="0.003">
    </testcase>
  </testsuite>
  <testsuite name="Previously Purchased Products" errors="0" failures="0" skipped="0" timestamp="2023-03-02T19:54:26" time="11.598" tests="1">
    <testcase classname="Previously Purchased Products Render CheckNearbyBranches" name="Previously Purchased Products Render CheckNearbyBranches" time="0.089">
    </testcase>
  </testsuite>
  <testsuite name="CreditCard - CreditCardCallback" errors="0" failures="0" skipped="0" timestamp="2023-03-02T19:54:33" time="6.608" tests="1">
    <testcase classname="CreditCard - CreditCardCallback Expect to match snapshot" name="CreditCard - CreditCardCallback Expect to match snapshot" time="0.088">
    </testcase>
  </testsuite>
  <testsuite name="Test link" errors="0" failures="0" skipped="0" timestamp="2023-03-02T19:54:33" time="10.067" tests="1">
    <testcase classname="Test link Render link" name="Test link Render link" time="0.041">
    </testcase>
  </testsuite>
  <testsuite name="Portal" errors="0" failures="0" skipped="0" timestamp="2023-03-02T19:54:37" time="6.776" tests="1">
    <testcase classname="Portal Should match snapshot" name="Portal Should match snapshot" time="0.079">
    </testcase>
  </testsuite>
</testsuites>